<?xml version="1.0" encoding="UTF-8"?>
<testng-results skipped="0" failed="1" ignored="0" total="1" passed="0">
  <reporter-output>
    <line>
      <![CDATA[<div "result">User navigates to login page (FAILED : 0s)</div>]]>
    </line>
  </reporter-output>
  <suite name="com.mommypower.ap.testModule.runner.TestRunner" duration-ms="726" started-at="2018-05-07T03:51:40Z" finished-at="2018-05-07T03:51:41Z">
    <groups>
      <group name="cucumber">
        <method signature="AbstractTestNGCucumberTests.runScenario(cucumber.api.testng.PickleEventWrapper, cucumber.api.testng.CucumberFeatureWrapper)[pri:0, instance:com.mommypower.ap.testModule.runner.TestRunner@6d78f375]" name="runScenario" class="cucumber.api.testng.AbstractTestNGCucumberTests"/>
      </group> <!-- cucumber -->
    </groups>
    <test name="Command line test" duration-ms="726" started-at="2018-05-07T03:51:40Z" finished-at="2018-05-07T03:51:41Z">
      <class name="com.mommypower.ap.testModule.runner.TestRunner">
        <test-method status="PASS" signature="setUpClass()[pri:0, instance:com.mommypower.ap.testModule.runner.TestRunner@6d78f375]" name="setUpClass" is-config="true" duration-ms="308" started-at="2018-05-07T03:51:40Z" finished-at="2018-05-07T03:51:40Z">
          <reporter-output>
          </reporter-output>
        </test-method> <!-- setUpClass -->
        <test-method status="FAIL" signature="runScenario(cucumber.api.testng.PickleEventWrapper, cucumber.api.testng.CucumberFeatureWrapper)[pri:0, instance:com.mommypower.ap.testModule.runner.TestRunner@6d78f375]" name="runScenario" duration-ms="351" started-at="2018-05-07T03:51:41Z" description="Runs Cucumber Scenarios" data-provider="scenarios" finished-at="2018-05-07T03:51:41Z">
          <params>
            <param index="0">
              <value>
                <![CDATA["Create a Record"]]>
              </value>
            </param>
            <param index="1">
              <value>
                <![CDATA["CreateUser"]]>
              </value>
            </param>
          </params>
          <exception class="java.lang.NullPointerException">
            <full-stacktrace>
              <![CDATA[java.lang.NullPointerException
at com.mommypower.ap.testModule.Util.SeleniumDriver.getFirefoxdriver(SeleniumDriver.java:33)
at com.mommypower.ap.testModule.StepDefination.LoginSteps.userNavigatesToLoginPage(LoginSteps.java:16)
at âœ½.User navigates to login page(src/test/resources/feature/login.feature:4)
]]>
            </full-stacktrace>
          </exception> <!-- java.lang.NullPointerException -->
          <reporter-output>
            <line>
              <![CDATA[<div "result">User navigates to login page (FAILED : 0s)</div>]]>
            </line>
          </reporter-output>
        </test-method> <!-- runScenario -->
        <test-method status="PASS" signature="tearDownClass()[pri:0, instance:com.mommypower.ap.testModule.runner.TestRunner@6d78f375]" name="tearDownClass" is-config="true" duration-ms="5" started-at="2018-05-07T03:51:41Z" finished-at="2018-05-07T03:51:41Z">
          <reporter-output>
          </reporter-output>
        </test-method> <!-- tearDownClass -->
      </class> <!-- com.mommypower.ap.testModule.runner.TestRunner -->
    </test> <!-- Command line test -->
  </suite> <!-- com.mommypower.ap.testModule.runner.TestRunner -->
</testng-results>
